<?xml version="1.0" encoding="UTF-8"?>
<!-- Generated by org.testng.reporters.JUnitReportReporter -->
<testsuite hostname="DESKTOP-BDCU2EV" failures="0" tests="1" name="Runner.CucumberRunnerTests" time="28.040" errors="0" timestamp="2023-04-12T12:56:39 IST" skipped="0">
  <testcase classname="Runner.CucumberRunnerTests" name="runScenario" time="28.040"/>
  <system-out/>
</testsuite> <!-- Runner.CucumberRunnerTests -->
